Flow report for R1
Tue Aug 09 20:20:20 2022
Quartus Prime Version 18.1.0 Build 625 09/12/2018 SJ Lite Edition


---------------------
; Table of Contents ;
---------------------
  1. Legal Notice
  2. Flow Summary
  3. Flow Settings
  4. Flow Non-Default Global Settings
  5. Flow Elapsed Time
  6. Flow OS Summary
  7. Flow Log
  8. Flow Messages
  9. Flow Suppressed Messages



----------------
; Legal Notice ;
----------------
Copyright (C) 2018  Intel Corporation. All rights reserved.
Your use of Intel Corporation's design tools, logic functions 
and other software and tools, and its AMPP partner logic 
functions, and any output files from any of the foregoing 
(including device programming or simulation files), and any 
associated documentation or information are expressly subject 
to the terms and conditions of the Intel Program License 
Subscription Agreement, the Intel Quartus Prime License Agreement,
the Intel FPGA IP License Agreement, or other applicable license
agreement, including, without limitation, that your use is for
the sole purpose of programming logic devices manufactured by
Intel and sold by Intel or its authorized distributors.  Please
refer to the applicable agreement for further details.



+-------------------------------------------------------------------------------+
; Flow Summary                                                                  ;
+---------------------------------+---------------------------------------------+
; Flow Status                     ; Successful - Tue Aug 09 20:20:12 2022       ;
; Quartus Prime Version           ; 18.1.0 Build 625 09/12/2018 SJ Lite Edition ;
; Revision Name                   ; R1                                          ;
; Top-level Entity Name           ; top                                         ;
; Family                          ; Cyclone V                                   ;
; Device                          ; 5CSXFC6D6F31C6                              ;
; Timing Models                   ; Final                                       ;
; Logic utilization (in ALMs)     ; 154 / 41,910 ( < 1 % )                      ;
; Total registers                 ; 288                                         ;
; Total pins                      ; 37 / 499 ( 7 % )                            ;
; Total virtual pins              ; 0                                           ;
; Total block memory bits         ; 0 / 5,662,720 ( 0 % )                       ;
; Total DSP Blocks                ; 0 / 112 ( 0 % )                             ;
; Total HSSI RX PCSs              ; 0 / 9 ( 0 % )                               ;
; Total HSSI PMA RX Deserializers ; 0 / 9 ( 0 % )                               ;
; Total HSSI TX PCSs              ; 0 / 9 ( 0 % )                               ;
; Total HSSI PMA TX Serializers   ; 0 / 9 ( 0 % )                               ;
; Total PLLs                      ; 1 / 15 ( 7 % )                              ;
; Total DLLs                      ; 0 / 4 ( 0 % )                               ;
+---------------------------------+---------------------------------------------+


+-----------------------------------------+
; Flow Settings                           ;
+-------------------+---------------------+
; Option            ; Setting             ;
+-------------------+---------------------+
; Start date & time ; 08/09/2022 20:19:08 ;
; Main task         ; Compilation         ;
; Revision Name     ; R1                  ;
+-------------------+---------------------+


+----------------------------------------------------------------------------------------------------------------------------------------+
; Flow Non-Default Global Settings                                                                                                       ;
+-------------------------------------+-------------------------------------------------------+---------------+-------------+------------+
; Assignment Name                     ; Value                                                 ; Default Value ; Entity Name ; Section Id ;
+-------------------------------------+-------------------------------------------------------+---------------+-------------+------------+
; COMPILER_SIGNATURE_ID               ; 1098012568611.166006914816732                         ; --            ; --          ; --         ;
; MAX_CORE_JUNCTION_TEMP              ; 85                                                    ; --            ; --          ; --         ;
; MIN_CORE_JUNCTION_TEMP              ; 0                                                     ; --            ; --          ; --         ;
; MISC_FILE                           ; adc/synthesis/../adc.cmp                              ; --            ; --          ; --         ;
; MISC_FILE                           ; adc/synthesis/../../adc.qsys                          ; --            ; --          ; --         ;
; MISC_FILE                           ; pll.cmp                                               ; --            ; --          ; --         ;
; MISC_FILE                           ; pll_sim/pll.vo                                        ; --            ; --          ; --         ;
; NUM_PARALLEL_PROCESSORS             ; All                                                   ; --            ; --          ; --         ;
; PARTITION_COLOR                     ; -- (Not supported for targeted family)                ; --            ; top         ; Top        ;
; PARTITION_FITTER_PRESERVATION_LEVEL ; -- (Not supported for targeted family)                ; --            ; top         ; Top        ;
; PARTITION_NETLIST_TYPE              ; -- (Not supported for targeted family)                ; --            ; top         ; Top        ;
; POWER_BOARD_THERMAL_MODEL           ; None (CONSERVATIVE)                                   ; --            ; --          ; --         ;
; POWER_PRESET_COOLING_SOLUTION       ; 23 MM HEAT SINK WITH 200 LFPM AIRFLOW                 ; --            ; --          ; --         ;
; PROJECT_OUTPUT_DIRECTORY            ; output_files                                          ; --            ; --          ; --         ;
; SLD_FILE                            ; adc/synthesis/adc.debuginfo                           ; --            ; --          ; --         ;
; SLD_INFO                            ; QSYS_NAME adc HAS_SOPCINFO 1 GENERATION_ID 1608477987 ; --            ; adc         ; --         ;
; SOPCINFO_FILE                       ; adc/synthesis/../../adc.sopcinfo                      ; --            ; --          ; --         ;
; SPD_FILE                            ; pll.spd                                               ; --            ; --          ; --         ;
; SYNTHESIS_ONLY_QIP                  ; On                                                    ; --            ; --          ; --         ;
; SYNTHESIS_ONLY_QIP                  ; On                                                    ; --            ; --          ; --         ;
; TOP_LEVEL_ENTITY                    ; top                                                   ; R1            ; --          ; --         ;
+-------------------------------------+-------------------------------------------------------+---------------+-------------+------------+


+--------------------------------------------------------------------------------------------------------------------------+
; Flow Elapsed Time                                                                                                        ;
+----------------------+--------------+-------------------------+---------------------+------------------------------------+
; Module Name          ; Elapsed Time ; Average Processors Used ; Peak Virtual Memory ; Total CPU Time (on all processors) ;
+----------------------+--------------+-------------------------+---------------------+------------------------------------+
; Analysis & Synthesis ; 00:00:13     ; 1.0                     ; 4835 MB             ; 00:00:27                           ;
; Fitter               ; 00:00:40     ; 1.0                     ; 6643 MB             ; 00:01:16                           ;
; Assembler            ; 00:00:08     ; 1.0                     ; 4830 MB             ; 00:00:08                           ;
; Timing Analyzer      ; 00:00:07     ; 1.2                     ; 5161 MB             ; 00:00:07                           ;
; Total                ; 00:01:08     ; --                      ; --                  ; 00:01:58                           ;
+----------------------+--------------+-------------------------+---------------------+------------------------------------+


+------------------------------------------------------------------------------------+
; Flow OS Summary                                                                    ;
+----------------------+------------------+------------+------------+----------------+
; Module Name          ; Machine Hostname ; OS Name    ; OS Version ; Processor type ;
+----------------------+------------------+------------+------------+----------------+
; Analysis & Synthesis ; DESKTOP-9EVC4SO  ; Windows 10 ; 10.0       ; x86_64         ;
; Fitter               ; DESKTOP-9EVC4SO  ; Windows 10 ; 10.0       ; x86_64         ;
; Assembler            ; DESKTOP-9EVC4SO  ; Windows 10 ; 10.0       ; x86_64         ;
; Timing Analyzer      ; DESKTOP-9EVC4SO  ; Windows 10 ; 10.0       ; x86_64         ;
+----------------------+------------------+------------+------------+----------------+


------------
; Flow Log ;
------------
quartus_map --read_settings_files=on --write_settings_files=off ADC_TEST3 -c R1
quartus_fit --read_settings_files=off --write_settings_files=off ADC_TEST3 -c R1
quartus_asm --read_settings_files=off --write_settings_files=off ADC_TEST3 -c R1
quartus_sta ADC_TEST3 -c R1



