Analysis & Synthesis report for R1
Tue Aug 09 20:19:21 2022
Quartus Prime Version 18.1.0 Build 625 09/12/2018 SJ Lite Edition


---------------------
; Table of Contents ;
---------------------
  1. Legal Notice
  2. Analysis & Synthesis Summary
  3. Analysis & Synthesis Settings
  4. Parallel Compilation
  5. Analysis & Synthesis Source Files Read
  6. Analysis & Synthesis Resource Usage Summary
  7. Analysis & Synthesis Resource Utilization by Entity
  8. Analysis & Synthesis IP Cores Summary
  9. State Machine - |top|adder_acumulator:AAC_u|state_next
 10. State Machine - |top|adder_acumulator:AAC_u|state_reg
 11. State Machine - |top|adc:u0|adc_adc_mega_0:adc_mega_0|altera_up_avalon_adv_adc:ADC_CTRL|currState
 12. Registers Removed During Synthesis
 13. Removed Registers Triggering Further Register Optimizations
 14. General Register Statistics
 15. Inverted Register Statistics
 16. Multiplexer Restructuring Statistics (Restructuring Performed)
 17. Parameter Settings for User Entity Instance: pll_0002:pll_inst|altera_pll:altera_pll_i
 18. Parameter Settings for User Entity Instance: adc:u0|adc_adc_mega_0:adc_mega_0
 19. Parameter Settings for User Entity Instance: adc:u0|adc_adc_mega_0:adc_mega_0|altera_up_avalon_adv_adc:ADC_CTRL
 20. Port Connectivity Checks: "adder_acumulator:AAC_u"
 21. Port Connectivity Checks: "adc:u0|adc_adc_mega_0:adc_mega_0|altera_up_avalon_adv_adc:ADC_CTRL"
 22. Port Connectivity Checks: "adc:u0"
 23. Port Connectivity Checks: "pll_0002:pll_inst|altera_pll:altera_pll_i"
 24. Port Connectivity Checks: "pll_0002:pll_inst"
 25. Post-Synthesis Netlist Statistics for Top Partition
 26. Elapsed Time Per Partition
 27. Analysis & Synthesis Messages



----------------
; Legal Notice ;
----------------
Copyright (C) 2018  Intel Corporation. All rights reserved.
Your use of Intel Corporation's design tools, logic functions 
and other software and tools, and its AMPP partner logic 
functions, and any output files from any of the foregoing 
(including device programming or simulation files), and any 
associated documentation or information are expressly subject 
to the terms and conditions of the Intel Program License 
Subscription Agreement, the Intel Quartus Prime License Agreement,
the Intel FPGA IP License Agreement, or other applicable license
agreement, including, without limitation, that your use is for
the sole purpose of programming logic devices manufactured by
Intel and sold by Intel or its authorized distributors.  Please
refer to the applicable agreement for further details.



+-------------------------------------------------------------------------------+
; Analysis & Synthesis Summary                                                  ;
+---------------------------------+---------------------------------------------+
; Analysis & Synthesis Status     ; Successful - Tue Aug 09 20:19:21 2022       ;
; Quartus Prime Version           ; 18.1.0 Build 625 09/12/2018 SJ Lite Edition ;
; Revision Name                   ; R1                                          ;
; Top-level Entity Name           ; top                                         ;
; Family                          ; Cyclone V                                   ;
; Logic utilization (in ALMs)     ; N/A                                         ;
; Total registers                 ; 261                                         ;
; Total pins                      ; 37                                          ;
; Total virtual pins              ; 0                                           ;
; Total block memory bits         ; 0                                           ;
; Total DSP Blocks                ; 0                                           ;
; Total HSSI RX PCSs              ; 0                                           ;
; Total HSSI PMA RX Deserializers ; 0                                           ;
; Total HSSI TX PCSs              ; 0                                           ;
; Total HSSI PMA TX Serializers   ; 0                                           ;
; Total PLLs                      ; 1                                           ;
; Total DLLs                      ; 0                                           ;
+---------------------------------+---------------------------------------------+


+---------------------------------------------------------------------------------------------------------------------------+
; Analysis & Synthesis Settings                                                                                             ;
+---------------------------------------------------------------------------------+--------------------+--------------------+
; Option                                                                          ; Setting            ; Default Value      ;
+---------------------------------------------------------------------------------+--------------------+--------------------+
; Device                                                                          ; 5CSXFC6D6F31C6     ;                    ;
; Top-level entity name                                                           ; top                ; R1                 ;
; Family name                                                                     ; Cyclone V          ; Cyclone V          ;
; Maximum processors allowed for parallel compilation                             ; All                ;                    ;
; Use smart compilation                                                           ; Off                ; Off                ;
; Enable parallel Assembler and Timing Analyzer during compilation                ; On                 ; On                 ;
; Enable compact report table                                                     ; Off                ; Off                ;
; Restructure Multiplexers                                                        ; Auto               ; Auto               ;
; MLAB Add Timing Constraints For Mixed-Port Feed-Through Mode Setting Don't Care ; Off                ; Off                ;
; Create Debugging Nodes for IP Cores                                             ; Off                ; Off                ;
; Preserve fewer node names                                                       ; On                 ; On                 ;
; Intel FPGA IP Evaluation Mode                                                   ; Enable             ; Enable             ;
; Verilog Version                                                                 ; Verilog_2001       ; Verilog_2001       ;
; VHDL Version                                                                    ; VHDL_1993          ; VHDL_1993          ;
; State Machine Processing                                                        ; Auto               ; Auto               ;
; Safe State Machine                                                              ; Off                ; Off                ;
; Extract Verilog State Machines                                                  ; On                 ; On                 ;
; Extract VHDL State Machines                                                     ; On                 ; On                 ;
; Ignore Verilog initial constructs                                               ; Off                ; Off                ;
; Iteration limit for constant Verilog loops                                      ; 5000               ; 5000               ;
; Iteration limit for non-constant Verilog loops                                  ; 250                ; 250                ;
; Add Pass-Through Logic to Inferred RAMs                                         ; On                 ; On                 ;
; Infer RAMs from Raw Logic                                                       ; On                 ; On                 ;
; Parallel Synthesis                                                              ; On                 ; On                 ;
; DSP Block Balancing                                                             ; Auto               ; Auto               ;
; NOT Gate Push-Back                                                              ; On                 ; On                 ;
; Power-Up Don't Care                                                             ; On                 ; On                 ;
; Remove Redundant Logic Cells                                                    ; Off                ; Off                ;
; Remove Duplicate Registers                                                      ; On                 ; On                 ;
; Ignore CARRY Buffers                                                            ; Off                ; Off                ;
; Ignore CASCADE Buffers                                                          ; Off                ; Off                ;
; Ignore GLOBAL Buffers                                                           ; Off                ; Off                ;
; Ignore ROW GLOBAL Buffers                                                       ; Off                ; Off                ;
; Ignore LCELL Buffers                                                            ; Off                ; Off                ;
; Ignore SOFT Buffers                                                             ; On                 ; On                 ;
; Limit AHDL Integers to 32 Bits                                                  ; Off                ; Off                ;
; Optimization Technique                                                          ; Balanced           ; Balanced           ;
; Carry Chain Length                                                              ; 70                 ; 70                 ;
; Auto Carry Chains                                                               ; On                 ; On                 ;
; Auto Open-Drain Pins                                                            ; On                 ; On                 ;
; Perform WYSIWYG Primitive Resynthesis                                           ; Off                ; Off                ;
; Auto ROM Replacement                                                            ; On                 ; On                 ;
; Auto RAM Replacement                                                            ; On                 ; On                 ;
; Auto DSP Block Replacement                                                      ; On                 ; On                 ;
; Auto Shift Register Replacement                                                 ; Auto               ; Auto               ;
; Allow Shift Register Merging across Hierarchies                                 ; Auto               ; Auto               ;
; Auto Clock Enable Replacement                                                   ; On                 ; On                 ;
; Strict RAM Replacement                                                          ; Off                ; Off                ;
; Allow Synchronous Control Signals                                               ; On                 ; On                 ;
; Force Use of Synchronous Clear Signals                                          ; Off                ; Off                ;
; Auto Resource Sharing                                                           ; Off                ; Off                ;
; Allow Any RAM Size For Recognition                                              ; Off                ; Off                ;
; Allow Any ROM Size For Recognition                                              ; Off                ; Off                ;
; Allow Any Shift Register Size For Recognition                                   ; Off                ; Off                ;
; Use LogicLock Constraints during Resource Balancing                             ; On                 ; On                 ;
; Ignore translate_off and synthesis_off directives                               ; Off                ; Off                ;
; Timing-Driven Synthesis                                                         ; On                 ; On                 ;
; Report Parameter Settings                                                       ; On                 ; On                 ;
; Report Source Assignments                                                       ; On                 ; On                 ;
; Report Connectivity Checks                                                      ; On                 ; On                 ;
; Ignore Maximum Fan-Out Assignments                                              ; Off                ; Off                ;
; Synchronization Register Chain Length                                           ; 3                  ; 3                  ;
; Power Optimization During Synthesis                                             ; Normal compilation ; Normal compilation ;
; HDL message level                                                               ; Level2             ; Level2             ;
; Suppress Register Optimization Related Messages                                 ; Off                ; Off                ;
; Number of Removed Registers Reported in Synthesis Report                        ; 5000               ; 5000               ;
; Number of Swept Nodes Reported in Synthesis Report                              ; 5000               ; 5000               ;
; Number of Inverted Registers Reported in Synthesis Report                       ; 100                ; 100                ;
; Clock MUX Protection                                                            ; On                 ; On                 ;
; Auto Gated Clock Conversion                                                     ; Off                ; Off                ;
; Block Design Naming                                                             ; Auto               ; Auto               ;
; SDC constraint protection                                                       ; Off                ; Off                ;
; Synthesis Effort                                                                ; Auto               ; Auto               ;
; Shift Register Replacement - Allow Asynchronous Clear Signal                    ; On                 ; On                 ;
; Pre-Mapping Resynthesis Optimization                                            ; Off                ; Off                ;
; Analysis & Synthesis Message Level                                              ; Medium             ; Medium             ;
; Disable Register Merging Across Hierarchies                                     ; Auto               ; Auto               ;
; Resource Aware Inference For Block RAM                                          ; On                 ; On                 ;
; Automatic Parallel Synthesis                                                    ; On                 ; On                 ;
; Partial Reconfiguration Bitstream ID                                            ; Off                ; Off                ;
+---------------------------------------------------------------------------------+--------------------+--------------------+


+------------------------------------------+
; Parallel Compilation                     ;
+----------------------------+-------------+
; Processors                 ; Number      ;
+----------------------------+-------------+
; Number detected on machine ; 8           ;
; Maximum allowed            ; 4           ;
;                            ;             ;
; Average used               ; 1.00        ;
; Maximum used               ; 4           ;
;                            ;             ;
; Usage by Processor         ; % Time Used ;
;     Processor 1            ; 100.0%      ;
;     Processors 2-4         ;   0.0%      ;
+----------------------------+-------------+


+---------------------------------------------------------------------------------------------------------------------------------------------------------------------------------------------------+
; Analysis & Synthesis Source Files Read                                                                                                                                                            ;
+-----------------------------------------------------+-----------------+------------------------+----------------------------------------------------------------------------------------+---------+
; File Name with User-Entered Path                    ; Used in Netlist ; File Type              ; File Name with Absolute Path                                                           ; Library ;
+-----------------------------------------------------+-----------------+------------------------+----------------------------------------------------------------------------------------+---------+
; timer.v                                             ; yes             ; User Verilog HDL File  ; C:/Users/delta/Downloads/ADC_TEST3/timer.v                                             ;         ;
; define.v                                            ; yes             ; User Verilog HDL File  ; C:/Users/delta/Downloads/ADC_TEST3/define.v                                            ;         ;
; BCD_2x7.v                                           ; yes             ; User Verilog HDL File  ; C:/Users/delta/Downloads/ADC_TEST3/BCD_2x7.v                                           ;         ;
; binary_to_BCD.v                                     ; yes             ; User Verilog HDL File  ; C:/Users/delta/Downloads/ADC_TEST3/binary_to_BCD.v                                     ;         ;
; adc/synthesis/submodules/altera_up_avalon_adv_adc.v ; yes             ; User Verilog HDL File  ; C:/Users/delta/Downloads/ADC_TEST3/adc/synthesis/submodules/altera_up_avalon_adv_adc.v ; adc     ;
; adc/synthesis/submodules/adc_adc_mega_0.v           ; yes             ; User Verilog HDL File  ; C:/Users/delta/Downloads/ADC_TEST3/adc/synthesis/submodules/adc_adc_mega_0.v           ; adc     ;
; adc/synthesis/adc.v                                 ; yes             ; User Verilog HDL File  ; C:/Users/delta/Downloads/ADC_TEST3/adc/synthesis/adc.v                                 ; adc     ;
; pll/pll_0002.v                                      ; yes             ; User Verilog HDL File  ; C:/Users/delta/Downloads/ADC_TEST3/pll/pll_0002.v                                      ; pll     ;
; top.v                                               ; yes             ; User Verilog HDL File  ; C:/Users/delta/Downloads/ADC_TEST3/top.v                                               ;         ;
; adder_acumulator.v                                  ; yes             ; User Verilog HDL File  ; C:/Users/delta/Downloads/ADC_TEST3/adder_acumulator.v                                  ;         ;
; debouncer.v                                         ; yes             ; User Verilog HDL File  ; C:/Users/delta/Downloads/ADC_TEST3/debouncer.v                                         ;         ;
; altera_pll.v                                        ; yes             ; Megafunction           ; c:/intelfpga_lite/18.1/quartus/libraries/megafunctions/altera_pll.v                    ;         ;
+-----------------------------------------------------+-----------------+------------------------+----------------------------------------------------------------------------------------+---------+


+--------------------------------------------------------------------------------------------------------+
; Analysis & Synthesis Resource Usage Summary                                                            ;
+---------------------------------------------+----------------------------------------------------------+
; Resource                                    ; Usage                                                    ;
+---------------------------------------------+----------------------------------------------------------+
; Estimate of Logic utilization (ALMs needed) ; 159                                                      ;
;                                             ;                                                          ;
; Combinational ALUT usage for logic          ; 268                                                      ;
;     -- 7 input functions                    ; 0                                                        ;
;     -- 6 input functions                    ; 43                                                       ;
;     -- 5 input functions                    ; 31                                                       ;
;     -- 4 input functions                    ; 53                                                       ;
;     -- <=3 input functions                  ; 141                                                      ;
;                                             ;                                                          ;
; Dedicated logic registers                   ; 261                                                      ;
;                                             ;                                                          ;
; I/O pins                                    ; 37                                                       ;
;                                             ;                                                          ;
; Total DSP Blocks                            ; 0                                                        ;
;                                             ;                                                          ;
; Total PLLs                                  ; 1                                                        ;
;     -- PLLs                                 ; 1                                                        ;
;                                             ;                                                          ;
; Maximum fan-out node                        ; pll_0002:pll_inst|altera_pll:altera_pll_i|outclk_wire[0] ;
; Maximum fan-out                             ; 262                                                      ;
; Total fan-out                               ; 1851                                                     ;
; Average fan-out                             ; 3.06                                                     ;
+---------------------------------------------+----------------------------------------------------------+


+---------------------------------------------------------------------------------------------------------------------------------------------------------------------------------------------------------------------------------------------------------------------------+
; Analysis & Synthesis Resource Utilization by Entity                                                                                                                                                                                                                       ;
+----------------------------------------------+---------------------+---------------------------+-------------------+------------+------+--------------+-------------------------------------------------------------------------+--------------------------+--------------+
; Compilation Hierarchy Node                   ; Combinational ALUTs ; Dedicated Logic Registers ; Block Memory Bits ; DSP Blocks ; Pins ; Virtual Pins ; Full Hierarchy Name                                                     ; Entity Name              ; Library Name ;
+----------------------------------------------+---------------------+---------------------------+-------------------+------------+------+--------------+-------------------------------------------------------------------------+--------------------------+--------------+
; |top                                         ; 268 (1)             ; 261 (0)                   ; 0                 ; 0          ; 37   ; 0            ; |top                                                                    ; top                      ; work         ;
;    |BCD_2x7:BCD_to_7seg_hundreds|            ; 8 (8)               ; 7 (7)                     ; 0                 ; 0          ; 0    ; 0            ; |top|BCD_2x7:BCD_to_7seg_hundreds                                       ; BCD_2x7                  ; work         ;
;    |BCD_2x7:BCD_to_7seg_ones|                ; 8 (8)               ; 7 (7)                     ; 0                 ; 0          ; 0    ; 0            ; |top|BCD_2x7:BCD_to_7seg_ones                                           ; BCD_2x7                  ; work         ;
;    |BCD_2x7:BCD_to_7seg_tens|                ; 8 (8)               ; 7 (7)                     ; 0                 ; 0          ; 0    ; 0            ; |top|BCD_2x7:BCD_to_7seg_tens                                           ; BCD_2x7                  ; work         ;
;    |BCD_2x7:BCD_to_7seg_thousands|           ; 8 (8)               ; 7 (7)                     ; 0                 ; 0          ; 0    ; 0            ; |top|BCD_2x7:BCD_to_7seg_thousands                                      ; BCD_2x7                  ; work         ;
;    |adc:u0|                                  ; 57 (0)              ; 72 (0)                    ; 0                 ; 0          ; 0    ; 0            ; |top|adc:u0                                                             ; adc                      ; adc          ;
;       |adc_adc_mega_0:adc_mega_0|            ; 57 (5)              ; 72 (12)                   ; 0                 ; 0          ; 0    ; 0            ; |top|adc:u0|adc_adc_mega_0:adc_mega_0                                   ; adc_adc_mega_0           ; adc          ;
;          |altera_up_avalon_adv_adc:ADC_CTRL| ; 52 (52)             ; 60 (60)                   ; 0                 ; 0          ; 0    ; 0            ; |top|adc:u0|adc_adc_mega_0:adc_mega_0|altera_up_avalon_adv_adc:ADC_CTRL ; altera_up_avalon_adv_adc ; adc          ;
;    |adder_acumulator:AAC_u|                  ; 26 (26)             ; 23 (23)                   ; 0                 ; 0          ; 0    ; 0            ; |top|adder_acumulator:AAC_u                                             ; adder_acumulator         ; work         ;
;    |binary_to_BCD:binary_to_BCD_U|           ; 65 (65)             ; 60 (60)                   ; 0                 ; 0          ; 0    ; 0            ; |top|binary_to_BCD:binary_to_BCD_U                                      ; binary_to_BCD            ; work         ;
;    |debouncer:hold_debouncer|                ; 31 (31)             ; 27 (27)                   ; 0                 ; 0          ; 0    ; 0            ; |top|debouncer:hold_debouncer                                           ; debouncer                ; work         ;
;    |debouncer:release_debouncer|             ; 31 (31)             ; 27 (27)                   ; 0                 ; 0          ; 0    ; 0            ; |top|debouncer:release_debouncer                                        ; debouncer                ; work         ;
;    |pll_0002:pll_inst|                       ; 0 (0)               ; 0 (0)                     ; 0                 ; 0          ; 0    ; 0            ; |top|pll_0002:pll_inst                                                  ; pll_0002                 ; pll          ;
;       |altera_pll:altera_pll_i|              ; 0 (0)               ; 0 (0)                     ; 0                 ; 0          ; 0    ; 0            ; |top|pll_0002:pll_inst|altera_pll:altera_pll_i                          ; altera_pll               ; work         ;
;    |timer:timer_u|                           ; 25 (25)             ; 24 (24)                   ; 0                 ; 0          ; 0    ; 0            ; |top|timer:timer_u                                                      ; timer                    ; work         ;
+----------------------------------------------+---------------------+---------------------------+-------------------+------------+------+--------------+-------------------------------------------------------------------------+--------------------------+--------------+
Note: For table entries with two numbers listed, the numbers in parentheses indicate the number of resources of the given type used by the specific entity alone. The numbers listed outside of parentheses indicate the total resources of the given type used by the specific entity and all of its sub-entities in the hierarchy.


+---------------------------------------------------------------------------------------------------+
; Analysis & Synthesis IP Cores Summary                                                             ;
+--------+--------------+---------+--------------+--------------+-----------------+-----------------+
; Vendor ; IP Core Name ; Version ; Release Date ; License Type ; Entity Instance ; IP Include File ;
+--------+--------------+---------+--------------+--------------+-----------------+-----------------+
; N/A    ; Qsys         ; 20.1    ; N/A          ; N/A          ; |top|adc:u0     ; adc.qsys        ;
+--------+--------------+---------+--------------+--------------+-----------------+-----------------+


Encoding Type:  One-Hot
+---------------------------------------------------------------+
; State Machine - |top|adder_acumulator:AAC_u|state_next        ;
+---------------+---------------+---------------+---------------+
; Name          ; state_next.00 ; state_next.10 ; state_next.01 ;
+---------------+---------------+---------------+---------------+
; state_next.00 ; 0             ; 0             ; 0             ;
; state_next.01 ; 1             ; 0             ; 1             ;
; state_next.10 ; 1             ; 1             ; 0             ;
+---------------+---------------+---------------+---------------+


Encoding Type:  One-Hot
+-----------------------------------------------------------+
; State Machine - |top|adder_acumulator:AAC_u|state_reg     ;
+--------------+--------------+--------------+--------------+
; Name         ; state_reg.00 ; state_reg.10 ; state_reg.01 ;
+--------------+--------------+--------------+--------------+
; state_reg.00 ; 0            ; 0            ; 0            ;
; state_reg.01 ; 1            ; 0            ; 1            ;
; state_reg.10 ; 1            ; 1            ; 0            ;
+--------------+--------------+--------------+--------------+


Encoding Type:  One-Hot
+---------------------------------------------------------------------------------------------------------------------------------------------------------------------------------------------------------------+
; State Machine - |top|adc:u0|adc_adc_mega_0:adc_mega_0|altera_up_avalon_adv_adc:ADC_CTRL|currState                                                                                                             ;
+--------------------------------+--------------------------------+----------------------------+----------------------+---------------------+----------------------+---------------------+----------------------+
; Name                           ; currState.pauseStateNoAddrIncr ; currState.initCtrlRegState ; currState.pauseState ; currState.doneState ; currState.transState ; currState.waitState ; currState.resetState ;
+--------------------------------+--------------------------------+----------------------------+----------------------+---------------------+----------------------+---------------------+----------------------+
; currState.resetState           ; 0                              ; 0                          ; 0                    ; 0                   ; 0                    ; 0                   ; 0                    ;
; currState.waitState            ; 0                              ; 0                          ; 0                    ; 0                   ; 0                    ; 1                   ; 1                    ;
; currState.transState           ; 0                              ; 0                          ; 0                    ; 0                   ; 1                    ; 0                   ; 1                    ;
; currState.doneState            ; 0                              ; 0                          ; 0                    ; 1                   ; 0                    ; 0                   ; 1                    ;
; currState.pauseState           ; 0                              ; 0                          ; 1                    ; 0                   ; 0                    ; 0                   ; 1                    ;
; currState.initCtrlRegState     ; 0                              ; 1                          ; 0                    ; 0                   ; 0                    ; 0                   ; 1                    ;
; currState.pauseStateNoAddrIncr ; 1                              ; 0                          ; 0                    ; 0                   ; 0                    ; 0                   ; 1                    ;
+--------------------------------+--------------------------------+----------------------------+----------------------+---------------------+----------------------+---------------------+----------------------+


+---------------------------------------------------------------------------------------------------------------------------------+
; Registers Removed During Synthesis                                                                                              ;
+----------------------------------------------------------------------------------------+----------------------------------------+
; Register name                                                                          ; Reason for Removal                     ;
+----------------------------------------------------------------------------------------+----------------------------------------+
; adc:u0|adc_adc_mega_0:adc_mega_0|altera_up_avalon_adv_adc:ADC_CTRL|din_shift_reg[0..6] ; Stuck at GND due to stuck port data_in ;
; adc:u0|adc_adc_mega_0:adc_mega_0|altera_up_avalon_adv_adc:ADC_CTRL|next_addr[0..2]     ; Lost fanout                            ;
; adc:u0|adc_adc_mega_0:adc_mega_0|altera_up_avalon_adv_adc:ADC_CTRL|address[0..2]       ; Stuck at GND due to stuck port data_in ;
; adc:u0|adc_adc_mega_0:adc_mega_0|altera_up_avalon_adv_adc:ADC_CTRL|currState~2         ; Lost fanout                            ;
; adc:u0|adc_adc_mega_0:adc_mega_0|altera_up_avalon_adv_adc:ADC_CTRL|currState~3         ; Lost fanout                            ;
; adc:u0|adc_adc_mega_0:adc_mega_0|altera_up_avalon_adv_adc:ADC_CTRL|currState~4         ; Lost fanout                            ;
; adder_acumulator:AAC_u|state_reg.01                                                    ; Lost fanout                            ;
; adc:u0|adc_adc_mega_0:adc_mega_0|altera_up_avalon_adv_adc:ADC_CTRL|currState.waitState ; Lost fanout                            ;
; adder_acumulator:AAC_u|state_next.01                                                   ; Lost fanout                            ;
; Total Number of Removed Registers = 19                                                 ;                                        ;
+----------------------------------------------------------------------------------------+----------------------------------------+


+----------------------------------------------------------------------------------------------------------------------------------------------------------------------------------------------------------+
; Removed Registers Triggering Further Register Optimizations                                                                                                                                              ;
+-------------------------------------------------------------------------------------+---------------------------+----------------------------------------------------------------------------------------+
; Register name                                                                       ; Reason for Removal        ; Registers Removed due to This Register                                                 ;
+-------------------------------------------------------------------------------------+---------------------------+----------------------------------------------------------------------------------------+
; adc:u0|adc_adc_mega_0:adc_mega_0|altera_up_avalon_adv_adc:ADC_CTRL|din_shift_reg[0] ; Stuck at GND              ; adc:u0|adc_adc_mega_0:adc_mega_0|altera_up_avalon_adv_adc:ADC_CTRL|din_shift_reg[1],   ;
;                                                                                     ; due to stuck port data_in ; adc:u0|adc_adc_mega_0:adc_mega_0|altera_up_avalon_adv_adc:ADC_CTRL|din_shift_reg[2],   ;
;                                                                                     ;                           ; adc:u0|adc_adc_mega_0:adc_mega_0|altera_up_avalon_adv_adc:ADC_CTRL|din_shift_reg[3],   ;
;                                                                                     ;                           ; adc:u0|adc_adc_mega_0:adc_mega_0|altera_up_avalon_adv_adc:ADC_CTRL|din_shift_reg[4],   ;
;                                                                                     ;                           ; adc:u0|adc_adc_mega_0:adc_mega_0|altera_up_avalon_adv_adc:ADC_CTRL|din_shift_reg[5],   ;
;                                                                                     ;                           ; adc:u0|adc_adc_mega_0:adc_mega_0|altera_up_avalon_adv_adc:ADC_CTRL|din_shift_reg[6]    ;
; adc:u0|adc_adc_mega_0:adc_mega_0|altera_up_avalon_adv_adc:ADC_CTRL|currState~2      ; Lost Fanouts              ; adc:u0|adc_adc_mega_0:adc_mega_0|altera_up_avalon_adv_adc:ADC_CTRL|currState.waitState ;
; adder_acumulator:AAC_u|state_reg.01                                                 ; Lost Fanouts              ; adder_acumulator:AAC_u|state_next.01                                                   ;
+-------------------------------------------------------------------------------------+---------------------------+----------------------------------------------------------------------------------------+


+------------------------------------------------------+
; General Register Statistics                          ;
+----------------------------------------------+-------+
; Statistic                                    ; Value ;
+----------------------------------------------+-------+
; Total registers                              ; 261   ;
; Number of registers using Synchronous Clear  ; 83    ;
; Number of registers using Synchronous Load   ; 25    ;
; Number of registers using Asynchronous Clear ; 0     ;
; Number of registers using Asynchronous Load  ; 0     ;
; Number of registers using Clock Enable       ; 190   ;
; Number of registers using Preset             ; 0     ;
+----------------------------------------------+-------+


+------------------------------------------------------+
; Inverted Register Statistics                         ;
+--------------------------------------------+---------+
; Inverted Register                          ; Fan out ;
+--------------------------------------------+---------+
; debouncer:hold_debouncer|synch_chain[0]    ; 2       ;
; debouncer:hold_debouncer|synch_chain[1]    ; 1       ;
; debouncer:release_debouncer|synch_chain[0] ; 2       ;
; debouncer:release_debouncer|synch_chain[1] ; 1       ;
; Total number of inverted registers = 4     ;         ;
+--------------------------------------------+---------+


+--------------------------------------------------------------------------------------------------------------------------------------------------------------------------------------------------------+
; Multiplexer Restructuring Statistics (Restructuring Performed)                                                                                                                                         ;
+--------------------+-----------+---------------+----------------------+------------------------+------------+------------------------------------------------------------------------------------------+
; Multiplexer Inputs ; Bus Width ; Baseline Area ; Area if Restructured ; Saving if Restructured ; Registered ; Example Multiplexer Output                                                               ;
+--------------------+-----------+---------------+----------------------+------------------------+------------+------------------------------------------------------------------------------------------+
; 3:1                ; 23 bits   ; 46 LEs        ; 0 LEs                ; 46 LEs                 ; Yes        ; |top|timer:timer_u|t[22]                                                                 ;
; 3:1                ; 8 bits    ; 16 LEs        ; 0 LEs                ; 16 LEs                 ; Yes        ; |top|adc:u0|adc_adc_mega_0:adc_mega_0|altera_up_avalon_adv_adc:ADC_CTRL|counter[7]       ;
; 3:1                ; 4 bits    ; 8 LEs         ; 4 LEs                ; 4 LEs                  ; Yes        ; |top|adc:u0|adc_adc_mega_0:adc_mega_0|altera_up_avalon_adv_adc:ADC_CTRL|sclk_counter[0]  ;
; 4:1                ; 11 bits   ; 22 LEs        ; 22 LEs               ; 0 LEs                  ; Yes        ; |top|binary_to_BCD:binary_to_BCD_U|shift_register[10]                                    ;
; 4:1                ; 3 bits    ; 6 LEs         ; 6 LEs                ; 0 LEs                  ; Yes        ; |top|adc:u0|adc_adc_mega_0:adc_mega_0|altera_up_avalon_adv_adc:ADC_CTRL|din_shift_reg[8] ;
; 4:1                ; 20 bits   ; 40 LEs        ; 0 LEs                ; 40 LEs                 ; Yes        ; |top|debouncer:release_debouncer|timer[15]                                               ;
; 4:1                ; 20 bits   ; 40 LEs        ; 0 LEs                ; 40 LEs                 ; Yes        ; |top|debouncer:hold_debouncer|timer[4]                                                   ;
; 16:1               ; 7 bits    ; 70 LEs        ; 42 LEs               ; 28 LEs                 ; Yes        ; |top|BCD_2x7:BCD_to_7seg_ones|seg[0]                                                     ;
; 16:1               ; 7 bits    ; 70 LEs        ; 42 LEs               ; 28 LEs                 ; Yes        ; |top|BCD_2x7:BCD_to_7seg_tens|seg[3]                                                     ;
; 16:1               ; 7 bits    ; 70 LEs        ; 42 LEs               ; 28 LEs                 ; Yes        ; |top|BCD_2x7:BCD_to_7seg_hundreds|seg[5]                                                 ;
; 16:1               ; 7 bits    ; 70 LEs        ; 42 LEs               ; 28 LEs                 ; Yes        ; |top|BCD_2x7:BCD_to_7seg_thousands|seg[2]                                                ;
; 5:1                ; 2 bits    ; 6 LEs         ; 2 LEs                ; 4 LEs                  ; Yes        ; |top|adder_acumulator:AAC_u|LED_average                                                  ;
; 6:1                ; 2 bits    ; 8 LEs         ; 4 LEs                ; 4 LEs                  ; Yes        ; |top|adder_acumulator:AAC_u|acumul_value[12]                                             ;
; 6:1                ; 12 bits   ; 48 LEs        ; 0 LEs                ; 48 LEs                 ; Yes        ; |top|adder_acumulator:AAC_u|acumul_value[5]                                              ;
; 3:1                ; 4 bits    ; 8 LEs         ; 8 LEs                ; 0 LEs                  ; No         ; |top|binary_to_BCD:binary_to_BCD_U|temp_ones                                             ;
; 3:1                ; 4 bits    ; 8 LEs         ; 8 LEs                ; 0 LEs                  ; No         ; |top|binary_to_BCD:binary_to_BCD_U|temp_tens                                             ;
; 3:1                ; 4 bits    ; 8 LEs         ; 8 LEs                ; 0 LEs                  ; No         ; |top|binary_to_BCD:binary_to_BCD_U|temp_hundreds                                         ;
; 3:1                ; 3 bits    ; 6 LEs         ; 6 LEs                ; 0 LEs                  ; No         ; |top|binary_to_BCD:binary_to_BCD_U|temp_thousands                                        ;
; 4:1                ; 2 bits    ; 4 LEs         ; 4 LEs                ; 0 LEs                  ; No         ; |top|adder_acumulator:AAC_u|Selector17                                                   ;
+--------------------+-----------+---------------+----------------------+------------------------+------------+------------------------------------------------------------------------------------------+


+----------------------------------------------------------------------------------------+
; Parameter Settings for User Entity Instance: pll_0002:pll_inst|altera_pll:altera_pll_i ;
+--------------------------------------+------------------------+------------------------+
; Parameter Name                       ; Value                  ; Type                   ;
+--------------------------------------+------------------------+------------------------+
; reference_clock_frequency            ; 50.0 MHz               ; String                 ;
; fractional_vco_multiplier            ; false                  ; String                 ;
; pll_type                             ; General                ; String                 ;
; pll_subtype                          ; General                ; String                 ;
; number_of_clocks                     ; 1                      ; Signed Integer         ;
; operation_mode                       ; direct                 ; String                 ;
; deserialization_factor               ; 4                      ; Signed Integer         ;
; data_rate                            ; 0                      ; Signed Integer         ;
; sim_additional_refclk_cycles_to_lock ; 0                      ; Signed Integer         ;
; output_clock_frequency0              ; 25.000000 MHz          ; String                 ;
; phase_shift0                         ; 0 ps                   ; String                 ;
; duty_cycle0                          ; 50                     ; Signed Integer         ;
; output_clock_frequency1              ; 0 MHz                  ; String                 ;
; phase_shift1                         ; 0 ps                   ; String                 ;
; duty_cycle1                          ; 50                     ; Signed Integer         ;
; output_clock_frequency2              ; 0 MHz                  ; String                 ;
; phase_shift2                         ; 0 ps                   ; String                 ;
; duty_cycle2                          ; 50                     ; Signed Integer         ;
; output_clock_frequency3              ; 0 MHz                  ; String                 ;
; phase_shift3                         ; 0 ps                   ; String                 ;
; duty_cycle3                          ; 50                     ; Signed Integer         ;
; output_clock_frequency4              ; 0 MHz                  ; String                 ;
; phase_shift4                         ; 0 ps                   ; String                 ;
; duty_cycle4                          ; 50                     ; Signed Integer         ;
; output_clock_frequency5              ; 0 MHz                  ; String                 ;
; phase_shift5                         ; 0 ps                   ; String                 ;
; duty_cycle5                          ; 50                     ; Signed Integer         ;
; output_clock_frequency6              ; 0 MHz                  ; String                 ;
; phase_shift6                         ; 0 ps                   ; String                 ;
; duty_cycle6                          ; 50                     ; Signed Integer         ;
; output_clock_frequency7              ; 0 MHz                  ; String                 ;
; phase_shift7                         ; 0 ps                   ; String                 ;
; duty_cycle7                          ; 50                     ; Signed Integer         ;
; output_clock_frequency8              ; 0 MHz                  ; String                 ;
; phase_shift8                         ; 0 ps                   ; String                 ;
; duty_cycle8                          ; 50                     ; Signed Integer         ;
; output_clock_frequency9              ; 0 MHz                  ; String                 ;
; phase_shift9                         ; 0 ps                   ; String                 ;
; duty_cycle9                          ; 50                     ; Signed Integer         ;
; output_clock_frequency10             ; 0 MHz                  ; String                 ;
; phase_shift10                        ; 0 ps                   ; String                 ;
; duty_cycle10                         ; 50                     ; Signed Integer         ;
; output_clock_frequency11             ; 0 MHz                  ; String                 ;
; phase_shift11                        ; 0 ps                   ; String                 ;
; duty_cycle11                         ; 50                     ; Signed Integer         ;
; output_clock_frequency12             ; 0 MHz                  ; String                 ;
; phase_shift12                        ; 0 ps                   ; String                 ;
; duty_cycle12                         ; 50                     ; Signed Integer         ;
; output_clock_frequency13             ; 0 MHz                  ; String                 ;
; phase_shift13                        ; 0 ps                   ; String                 ;
; duty_cycle13                         ; 50                     ; Signed Integer         ;
; output_clock_frequency14             ; 0 MHz                  ; String                 ;
; phase_shift14                        ; 0 ps                   ; String                 ;
; duty_cycle14                         ; 50                     ; Signed Integer         ;
; output_clock_frequency15             ; 0 MHz                  ; String                 ;
; phase_shift15                        ; 0 ps                   ; String                 ;
; duty_cycle15                         ; 50                     ; Signed Integer         ;
; output_clock_frequency16             ; 0 MHz                  ; String                 ;
; phase_shift16                        ; 0 ps                   ; String                 ;
; duty_cycle16                         ; 50                     ; Signed Integer         ;
; output_clock_frequency17             ; 0 MHz                  ; String                 ;
; phase_shift17                        ; 0 ps                   ; String                 ;
; duty_cycle17                         ; 50                     ; Signed Integer         ;
; clock_name_0                         ;                        ; String                 ;
; clock_name_1                         ;                        ; String                 ;
; clock_name_2                         ;                        ; String                 ;
; clock_name_3                         ;                        ; String                 ;
; clock_name_4                         ;                        ; String                 ;
; clock_name_5                         ;                        ; String                 ;
; clock_name_6                         ;                        ; String                 ;
; clock_name_7                         ;                        ; String                 ;
; clock_name_8                         ;                        ; String                 ;
; clock_name_global_0                  ; false                  ; String                 ;
; clock_name_global_1                  ; false                  ; String                 ;
; clock_name_global_2                  ; false                  ; String                 ;
; clock_name_global_3                  ; false                  ; String                 ;
; clock_name_global_4                  ; false                  ; String                 ;
; clock_name_global_5                  ; false                  ; String                 ;
; clock_name_global_6                  ; false                  ; String                 ;
; clock_name_global_7                  ; false                  ; String                 ;
; clock_name_global_8                  ; false                  ; String                 ;
; m_cnt_hi_div                         ; 1                      ; Signed Integer         ;
; m_cnt_lo_div                         ; 1                      ; Signed Integer         ;
; m_cnt_bypass_en                      ; false                  ; String                 ;
; m_cnt_odd_div_duty_en                ; false                  ; String                 ;
; n_cnt_hi_div                         ; 1                      ; Signed Integer         ;
; n_cnt_lo_div                         ; 1                      ; Signed Integer         ;
; n_cnt_bypass_en                      ; false                  ; String                 ;
; n_cnt_odd_div_duty_en                ; false                  ; String                 ;
; c_cnt_hi_div0                        ; 1                      ; Signed Integer         ;
; c_cnt_lo_div0                        ; 1                      ; Signed Integer         ;
; c_cnt_bypass_en0                     ; false                  ; String                 ;
; c_cnt_in_src0                        ; ph_mux_clk             ; String                 ;
; c_cnt_odd_div_duty_en0               ; false                  ; String                 ;
; c_cnt_prst0                          ; 1                      ; Signed Integer         ;
; c_cnt_ph_mux_prst0                   ; 0                      ; Signed Integer         ;
; c_cnt_hi_div1                        ; 1                      ; Signed Integer         ;
; c_cnt_lo_div1                        ; 1                      ; Signed Integer         ;
; c_cnt_bypass_en1                     ; false                  ; String                 ;
; c_cnt_in_src1                        ; ph_mux_clk             ; String                 ;
; c_cnt_odd_div_duty_en1               ; false                  ; String                 ;
; c_cnt_prst1                          ; 1                      ; Signed Integer         ;
; c_cnt_ph_mux_prst1                   ; 0                      ; Signed Integer         ;
; c_cnt_hi_div2                        ; 1                      ; Signed Integer         ;
; c_cnt_lo_div2                        ; 1                      ; Signed Integer         ;
; c_cnt_bypass_en2                     ; false                  ; String                 ;
; c_cnt_in_src2                        ; ph_mux_clk             ; String                 ;
; c_cnt_odd_div_duty_en2               ; false                  ; String                 ;
; c_cnt_prst2                          ; 1                      ; Signed Integer         ;
; c_cnt_ph_mux_prst2                   ; 0                      ; Signed Integer         ;
; c_cnt_hi_div3                        ; 1                      ; Signed Integer         ;
; c_cnt_lo_div3                        ; 1                      ; Signed Integer         ;
; c_cnt_bypass_en3                     ; false                  ; String                 ;
; c_cnt_in_src3                        ; ph_mux_clk             ; String                 ;
; c_cnt_odd_div_duty_en3               ; false                  ; String                 ;
; c_cnt_prst3                          ; 1                      ; Signed Integer         ;
; c_cnt_ph_mux_prst3                   ; 0                      ; Signed Integer         ;
; c_cnt_hi_div4                        ; 1                      ; Signed Integer         ;
; c_cnt_lo_div4                        ; 1                      ; Signed Integer         ;
; c_cnt_bypass_en4                     ; false                  ; String                 ;
; c_cnt_in_src4                        ; ph_mux_clk             ; String                 ;
; c_cnt_odd_div_duty_en4               ; false                  ; String                 ;
; c_cnt_prst4                          ; 1                      ; Signed Integer         ;
; c_cnt_ph_mux_prst4                   ; 0                      ; Signed Integer         ;
; c_cnt_hi_div5                        ; 1                      ; Signed Integer         ;
; c_cnt_lo_div5                        ; 1                      ; Signed Integer         ;
; c_cnt_bypass_en5                     ; false                  ; String                 ;
; c_cnt_in_src5                        ; ph_mux_clk             ; String                 ;
; c_cnt_odd_div_duty_en5               ; false                  ; String                 ;
; c_cnt_prst5                          ; 1                      ; Signed Integer         ;
; c_cnt_ph_mux_prst5                   ; 0                      ; Signed Integer         ;
; c_cnt_hi_div6                        ; 1                      ; Signed Integer         ;
; c_cnt_lo_div6                        ; 1                      ; Signed Integer         ;
; c_cnt_bypass_en6                     ; false                  ; String                 ;
; c_cnt_in_src6                        ; ph_mux_clk             ; String                 ;
; c_cnt_odd_div_duty_en6               ; false                  ; String                 ;
; c_cnt_prst6                          ; 1                      ; Signed Integer         ;
; c_cnt_ph_mux_prst6                   ; 0                      ; Signed Integer         ;
; c_cnt_hi_div7                        ; 1                      ; Signed Integer         ;
; c_cnt_lo_div7                        ; 1                      ; Signed Integer         ;
; c_cnt_bypass_en7                     ; false                  ; String                 ;
; c_cnt_in_src7                        ; ph_mux_clk             ; String                 ;
; c_cnt_odd_div_duty_en7               ; false                  ; String                 ;
; c_cnt_prst7                          ; 1                      ; Signed Integer         ;
; c_cnt_ph_mux_prst7                   ; 0                      ; Signed Integer         ;
; c_cnt_hi_div8                        ; 1                      ; Signed Integer         ;
; c_cnt_lo_div8                        ; 1                      ; Signed Integer         ;
; c_cnt_bypass_en8                     ; false                  ; String                 ;
; c_cnt_in_src8                        ; ph_mux_clk             ; String                 ;
; c_cnt_odd_div_duty_en8               ; false                  ; String                 ;
; c_cnt_prst8                          ; 1                      ; Signed Integer         ;
; c_cnt_ph_mux_prst8                   ; 0                      ; Signed Integer         ;
; c_cnt_hi_div9                        ; 1                      ; Signed Integer         ;
; c_cnt_lo_div9                        ; 1                      ; Signed Integer         ;
; c_cnt_bypass_en9                     ; false                  ; String                 ;
; c_cnt_in_src9                        ; ph_mux_clk             ; String                 ;
; c_cnt_odd_div_duty_en9               ; false                  ; String                 ;
; c_cnt_prst9                          ; 1                      ; Signed Integer         ;
; c_cnt_ph_mux_prst9                   ; 0                      ; Signed Integer         ;
; c_cnt_hi_div10                       ; 1                      ; Signed Integer         ;
; c_cnt_lo_div10                       ; 1                      ; Signed Integer         ;
; c_cnt_bypass_en10                    ; false                  ; String                 ;
; c_cnt_in_src10                       ; ph_mux_clk             ; String                 ;
; c_cnt_odd_div_duty_en10              ; false                  ; String                 ;
; c_cnt_prst10                         ; 1                      ; Signed Integer         ;
; c_cnt_ph_mux_prst10                  ; 0                      ; Signed Integer         ;
; c_cnt_hi_div11                       ; 1                      ; Signed Integer         ;
; c_cnt_lo_div11                       ; 1                      ; Signed Integer         ;
; c_cnt_bypass_en11                    ; false                  ; String                 ;
; c_cnt_in_src11                       ; ph_mux_clk             ; String                 ;
; c_cnt_odd_div_duty_en11              ; false                  ; String                 ;
; c_cnt_prst11                         ; 1                      ; Signed Integer         ;
; c_cnt_ph_mux_prst11                  ; 0                      ; Signed Integer         ;
; c_cnt_hi_div12                       ; 1                      ; Signed Integer         ;
; c_cnt_lo_div12                       ; 1                      ; Signed Integer         ;
; c_cnt_bypass_en12                    ; false                  ; String                 ;
; c_cnt_in_src12                       ; ph_mux_clk             ; String                 ;
; c_cnt_odd_div_duty_en12              ; false                  ; String                 ;
; c_cnt_prst12                         ; 1                      ; Signed Integer         ;
; c_cnt_ph_mux_prst12                  ; 0                      ; Signed Integer         ;
; c_cnt_hi_div13                       ; 1                      ; Signed Integer         ;
; c_cnt_lo_div13                       ; 1                      ; Signed Integer         ;
; c_cnt_bypass_en13                    ; false                  ; String                 ;
; c_cnt_in_src13                       ; ph_mux_clk             ; String                 ;
; c_cnt_odd_div_duty_en13              ; false                  ; String                 ;
; c_cnt_prst13                         ; 1                      ; Signed Integer         ;
; c_cnt_ph_mux_prst13                  ; 0                      ; Signed Integer         ;
; c_cnt_hi_div14                       ; 1                      ; Signed Integer         ;
; c_cnt_lo_div14                       ; 1                      ; Signed Integer         ;
; c_cnt_bypass_en14                    ; false                  ; String                 ;
; c_cnt_in_src14                       ; ph_mux_clk             ; String                 ;
; c_cnt_odd_div_duty_en14              ; false                  ; String                 ;
; c_cnt_prst14                         ; 1                      ; Signed Integer         ;
; c_cnt_ph_mux_prst14                  ; 0                      ; Signed Integer         ;
; c_cnt_hi_div15                       ; 1                      ; Signed Integer         ;
; c_cnt_lo_div15                       ; 1                      ; Signed Integer         ;
; c_cnt_bypass_en15                    ; false                  ; String                 ;
; c_cnt_in_src15                       ; ph_mux_clk             ; String                 ;
; c_cnt_odd_div_duty_en15              ; false                  ; String                 ;
; c_cnt_prst15                         ; 1                      ; Signed Integer         ;
; c_cnt_ph_mux_prst15                  ; 0                      ; Signed Integer         ;
; c_cnt_hi_div16                       ; 1                      ; Signed Integer         ;
; c_cnt_lo_div16                       ; 1                      ; Signed Integer         ;
; c_cnt_bypass_en16                    ; false                  ; String                 ;
; c_cnt_in_src16                       ; ph_mux_clk             ; String                 ;
; c_cnt_odd_div_duty_en16              ; false                  ; String                 ;
; c_cnt_prst16                         ; 1                      ; Signed Integer         ;
; c_cnt_ph_mux_prst16                  ; 0                      ; Signed Integer         ;
; c_cnt_hi_div17                       ; 1                      ; Signed Integer         ;
; c_cnt_lo_div17                       ; 1                      ; Signed Integer         ;
; c_cnt_bypass_en17                    ; false                  ; String                 ;
; c_cnt_in_src17                       ; ph_mux_clk             ; String                 ;
; c_cnt_odd_div_duty_en17              ; false                  ; String                 ;
; c_cnt_prst17                         ; 1                      ; Signed Integer         ;
; c_cnt_ph_mux_prst17                  ; 0                      ; Signed Integer         ;
; pll_vco_div                          ; 1                      ; Signed Integer         ;
; pll_slf_rst                          ; false                  ; String                 ;
; pll_bw_sel                           ; low                    ; String                 ;
; pll_output_clk_frequency             ; 0 MHz                  ; String                 ;
; pll_cp_current                       ; 0                      ; Signed Integer         ;
; pll_bwctrl                           ; 0                      ; Signed Integer         ;
; pll_fractional_division              ; 1                      ; Signed Integer         ;
; pll_fractional_cout                  ; 24                     ; Signed Integer         ;
; pll_dsm_out_sel                      ; 1st_order              ; String                 ;
; mimic_fbclk_type                     ; gclk                   ; String                 ;
; pll_fbclk_mux_1                      ; glb                    ; String                 ;
; pll_fbclk_mux_2                      ; fb_1                   ; String                 ;
; pll_m_cnt_in_src                     ; ph_mux_clk             ; String                 ;
; pll_vcoph_div                        ; 1                      ; Signed Integer         ;
; refclk1_frequency                    ; 0 MHz                  ; String                 ;
; pll_clkin_0_src                      ; clk_0                  ; String                 ;
; pll_clkin_1_src                      ; clk_0                  ; String                 ;
; pll_clk_loss_sw_en                   ; false                  ; String                 ;
; pll_auto_clk_sw_en                   ; false                  ; String                 ;
; pll_manu_clk_sw_en                   ; false                  ; String                 ;
; pll_clk_sw_dly                       ; 0                      ; Signed Integer         ;
; pll_extclk_0_cnt_src                 ; pll_extclk_cnt_src_vss ; String                 ;
; pll_extclk_1_cnt_src                 ; pll_extclk_cnt_src_vss ; String                 ;
+--------------------------------------+------------------------+------------------------+
Note: In order to hide this table in the UI and the text report file, please set the "Show Parameter Settings in Synthesis Report" option in "Analysis and Synthesis Settings -> More Settings" to "Off".


+-------------------------------------------------------------------------------+
; Parameter Settings for User Entity Instance: adc:u0|adc_adc_mega_0:adc_mega_0 ;
+----------------+---------------+----------------------------------------------+
; Parameter Name ; Value         ; Type                                         ;
+----------------+---------------+----------------------------------------------+
; tsclk          ; 2             ; Signed Integer                               ;
; numch          ; 0             ; Signed Integer                               ;
; board          ; DE10-Standard ; String                                       ;
; board_rev      ; Autodetect    ; String                                       ;
; max10pllmultby ; 1             ; Signed Integer                               ;
; max10plldivby  ; 1             ; Signed Integer                               ;
+----------------+---------------+----------------------------------------------+
Note: In order to hide this table in the UI and the text report file, please set the "Show Parameter Settings in Synthesis Report" option in "Analysis and Synthesis Settings -> More Settings" to "Off".


+-----------------------------------------------------------------------------------------------------------------+
; Parameter Settings for User Entity Instance: adc:u0|adc_adc_mega_0:adc_mega_0|altera_up_avalon_adv_adc:ADC_CTRL ;
+-----------------------+---------------+-------------------------------------------------------------------------+
; Parameter Name        ; Value         ; Type                                                                    ;
+-----------------------+---------------+-------------------------------------------------------------------------+
; T_SCLK                ; 2             ; Signed Integer                                                          ;
; NUM_CH                ; 0             ; Signed Integer                                                          ;
; BOARD                 ; DE10-Standard ; String                                                                  ;
; BOARD_REV             ; Autodetect    ; String                                                                  ;
; MAX10_PLL_MULTIPLY_BY ; 1             ; Signed Integer                                                          ;
; MAX10_PLL_DIVIDE_BY   ; 10            ; Signed Integer                                                          ;
+-----------------------+---------------+-------------------------------------------------------------------------+
Note: In order to hide this table in the UI and the text report file, please set the "Show Parameter Settings in Synthesis Report" option in "Analysis and Synthesis Settings -> More Settings" to "Off".


+--------------------------------------------------------------------------------------------------------------------------------+
; Port Connectivity Checks: "adder_acumulator:AAC_u"                                                                             ;
+----------------------+--------+----------+-------------------------------------------------------------------------------------+
; Port                 ; Type   ; Severity ; Details                                                                             ;
+----------------------+--------+----------+-------------------------------------------------------------------------------------+
; acumul_value[13..12] ; Output ; Info     ; Connected to dangling logic. Logic that only feeds a dangling port will be removed. ;
+----------------------+--------+----------+-------------------------------------------------------------------------------------+


+----------------------------------------------------------------------------------------------------------------+
; Port Connectivity Checks: "adc:u0|adc_adc_mega_0:adc_mega_0|altera_up_avalon_adv_adc:ADC_CTRL"                 ;
+------+--------+----------+-------------------------------------------------------------------------------------+
; Port ; Type   ; Severity ; Details                                                                             ;
+------+--------+----------+-------------------------------------------------------------------------------------+
; done ; Output ; Info     ; Connected to dangling logic. Logic that only feeds a dangling port will be removed. ;
+------+--------+----------+-------------------------------------------------------------------------------------+


+----------------------------------------------------+
; Port Connectivity Checks: "adc:u0"                 ;
+-------+--------+----------+------------------------+
; Port  ; Type   ; Severity ; Details                ;
+-------+--------+----------+------------------------+
; RESET ; Input  ; Info     ; Explicitly unconnected ;
; CH1   ; Output ; Info     ; Explicitly unconnected ;
; CH2   ; Output ; Info     ; Explicitly unconnected ;
; CH3   ; Output ; Info     ; Explicitly unconnected ;
; CH4   ; Output ; Info     ; Explicitly unconnected ;
; CH5   ; Output ; Info     ; Explicitly unconnected ;
; CH6   ; Output ; Info     ; Explicitly unconnected ;
; CH7   ; Output ; Info     ; Explicitly unconnected ;
+-------+--------+----------+------------------------+


+--------------------------------------------------------------------------------------------------------------------------------------------------------------------------------------+
; Port Connectivity Checks: "pll_0002:pll_inst|altera_pll:altera_pll_i"                                                                                                                ;
+-------------------+--------+----------+----------------------------------------------------------------------------------------------------------------------------------------------+
; Port              ; Type   ; Severity ; Details                                                                                                                                      ;
+-------------------+--------+----------+----------------------------------------------------------------------------------------------------------------------------------------------+
; fboutclk          ; Output ; Info     ; Explicitly unconnected                                                                                                                       ;
; fbclk             ; Input  ; Info     ; Stuck at GND                                                                                                                                 ;
; refclk1           ; Input  ; Warning  ; Declared by entity but not connected by instance. If a default value exists, it will be used.  Otherwise, the port will be connected to GND. ;
; phase_en          ; Input  ; Warning  ; Declared by entity but not connected by instance. If a default value exists, it will be used.  Otherwise, the port will be connected to GND. ;
; updn              ; Input  ; Warning  ; Declared by entity but not connected by instance. If a default value exists, it will be used.  Otherwise, the port will be connected to GND. ;
; num_phase_shifts  ; Input  ; Warning  ; Declared by entity but not connected by instance. If a default value exists, it will be used.  Otherwise, the port will be connected to GND. ;
; scanclk           ; Input  ; Warning  ; Declared by entity but not connected by instance. If a default value exists, it will be used.  Otherwise, the port will be connected to GND. ;
; cntsel            ; Input  ; Warning  ; Declared by entity but not connected by instance. If a default value exists, it will be used.  Otherwise, the port will be connected to GND. ;
; reconfig_to_pll   ; Input  ; Warning  ; Declared by entity but not connected by instance. If a default value exists, it will be used.  Otherwise, the port will be connected to GND. ;
; extswitch         ; Input  ; Warning  ; Declared by entity but not connected by instance. If a default value exists, it will be used.  Otherwise, the port will be connected to GND. ;
; adjpllin          ; Input  ; Warning  ; Declared by entity but not connected by instance. If a default value exists, it will be used.  Otherwise, the port will be connected to GND. ;
; cclk              ; Input  ; Warning  ; Declared by entity but not connected by instance. If a default value exists, it will be used.  Otherwise, the port will be connected to GND. ;
; phase_done        ; Output ; Warning  ; Declared by entity but not connected by instance. Logic that only feeds a dangling port will be removed.                                     ;
; reconfig_from_pll ; Output ; Warning  ; Declared by entity but not connected by instance. Logic that only feeds a dangling port will be removed.                                     ;
; activeclk         ; Output ; Warning  ; Declared by entity but not connected by instance. Logic that only feeds a dangling port will be removed.                                     ;
; clkbad            ; Output ; Warning  ; Declared by entity but not connected by instance. Logic that only feeds a dangling port will be removed.                                     ;
; phout             ; Output ; Warning  ; Declared by entity but not connected by instance. Logic that only feeds a dangling port will be removed.                                     ;
; lvds_clk          ; Output ; Warning  ; Declared by entity but not connected by instance. Logic that only feeds a dangling port will be removed.                                     ;
; loaden            ; Output ; Warning  ; Declared by entity but not connected by instance. Logic that only feeds a dangling port will be removed.                                     ;
; extclk_out        ; Output ; Warning  ; Declared by entity but not connected by instance. Logic that only feeds a dangling port will be removed.                                     ;
; cascade_out       ; Output ; Warning  ; Declared by entity but not connected by instance. Logic that only feeds a dangling port will be removed.                                     ;
; zdbfbclk          ; Bidir  ; Warning  ; Declared by entity but not connected by instance. Logic that only feeds a dangling port will be removed.                                     ;
+-------------------+--------+----------+----------------------------------------------------------------------------------------------------------------------------------------------+


+-----------------------------------------------------+
; Port Connectivity Checks: "pll_0002:pll_inst"       ;
+--------+--------+----------+------------------------+
; Port   ; Type   ; Severity ; Details                ;
+--------+--------+----------+------------------------+
; rst    ; Input  ; Info     ; Explicitly unconnected ;
; locked ; Output ; Info     ; Explicitly unconnected ;
+--------+--------+----------+------------------------+


+-----------------------------------------------------+
; Post-Synthesis Netlist Statistics for Top Partition ;
+-----------------------+-----------------------------+
; Type                  ; Count                       ;
+-----------------------+-----------------------------+
; arriav_ff             ; 261                         ;
;     ENA               ; 115                         ;
;     ENA SCLR          ; 63                          ;
;     ENA SCLR SLD      ; 12                          ;
;     SCLR              ; 8                           ;
;     SLD               ; 13                          ;
;     plain             ; 50                          ;
; arriav_lcell_comb     ; 269                         ;
;     arith             ; 98                          ;
;         1 data inputs ; 86                          ;
;         2 data inputs ; 12                          ;
;     normal            ; 171                         ;
;         0 data inputs ; 1                           ;
;         1 data inputs ; 6                           ;
;         2 data inputs ; 8                           ;
;         3 data inputs ; 29                          ;
;         4 data inputs ; 53                          ;
;         5 data inputs ; 31                          ;
;         6 data inputs ; 43                          ;
; boundary_port         ; 37                          ;
; generic_pll           ; 1                           ;
;                       ;                             ;
; Max LUT depth         ; 4.00                        ;
; Average LUT depth     ; 2.09                        ;
+-----------------------+-----------------------------+


+-------------------------------+
; Elapsed Time Per Partition    ;
+----------------+--------------+
; Partition Name ; Elapsed Time ;
+----------------+--------------+
; Top            ; 00:00:00     ;
+----------------+--------------+


+-------------------------------+
; Analysis & Synthesis Messages ;
+-------------------------------+
Info: *******************************************************************
Info: Running Quartus Prime Analysis & Synthesis
    Info: Version 18.1.0 Build 625 09/12/2018 SJ Lite Edition
    Info: Processing started: Tue Aug 09 20:19:07 2022
Info: Command: quartus_map --read_settings_files=on --write_settings_files=off ADC_TEST3 -c R1
Info (20030): Parallel compilation is enabled and will use 4 of the 4 processors detected
Info (12021): Found 1 design units, including 1 entities, in source file timer.v
    Info (12023): Found entity 1: timer File: C:/Users/delta/Downloads/ADC_TEST3/timer.v Line: 2
Info (12021): Found 0 design units, including 0 entities, in source file define.v
Info (12021): Found 1 design units, including 1 entities, in source file bcd_2x7.v
    Info (12023): Found entity 1: BCD_2x7 File: C:/Users/delta/Downloads/ADC_TEST3/BCD_2x7.v Line: 3
Info (12021): Found 1 design units, including 1 entities, in source file binary_to_bcd.v
    Info (12023): Found entity 1: binary_to_BCD File: C:/Users/delta/Downloads/ADC_TEST3/binary_to_BCD.v Line: 1
Info (12021): Found 1 design units, including 1 entities, in source file adc/synthesis/submodules/altera_up_avalon_adv_adc.v
    Info (12023): Found entity 1: altera_up_avalon_adv_adc File: C:/Users/delta/Downloads/ADC_TEST3/adc/synthesis/submodules/altera_up_avalon_adv_adc.v Line: 23
Info (12021): Found 1 design units, including 1 entities, in source file adc/synthesis/submodules/adc_adc_mega_0.v
    Info (12023): Found entity 1: adc_adc_mega_0 File: C:/Users/delta/Downloads/ADC_TEST3/adc/synthesis/submodules/adc_adc_mega_0.v Line: 22
Info (12021): Found 1 design units, including 1 entities, in source file adc/synthesis/adc.v
    Info (12023): Found entity 1: adc File: C:/Users/delta/Downloads/ADC_TEST3/adc/synthesis/adc.v Line: 6
Info (12021): Found 1 design units, including 1 entities, in source file pll.v
    Info (12023): Found entity 1: pll File: C:/Users/delta/Downloads/ADC_TEST3/pll.v Line: 8
Info (12021): Found 1 design units, including 1 entities, in source file pll/pll_0002.v
    Info (12023): Found entity 1: pll_0002 File: C:/Users/delta/Downloads/ADC_TEST3/pll/pll_0002.v Line: 2
Info (12021): Found 1 design units, including 1 entities, in source file top.v
    Info (12023): Found entity 1: top File: C:/Users/delta/Downloads/ADC_TEST3/top.v Line: 1
Info (12021): Found 1 design units, including 1 entities, in source file adder_acumulator.v
    Info (12023): Found entity 1: adder_acumulator File: C:/Users/delta/Downloads/ADC_TEST3/adder_acumulator.v Line: 2
Info (12021): Found 1 design units, including 1 entities, in source file debouncer.v
    Info (12023): Found entity 1: debouncer File: C:/Users/delta/Downloads/ADC_TEST3/debouncer.v Line: 2
Info (12127): Elaborating entity "top" for the top level hierarchy
Info (12128): Elaborating entity "pll_0002" for hierarchy "pll_0002:pll_inst" File: C:/Users/delta/Downloads/ADC_TEST3/top.v Line: 63
Info (12128): Elaborating entity "altera_pll" for hierarchy "pll_0002:pll_inst|altera_pll:altera_pll_i" File: C:/Users/delta/Downloads/ADC_TEST3/pll/pll_0002.v Line: 85
Info (10008): Verilog HDL or VHDL information: EDA Netlist Writer cannot regroup multidimensional array "wire_to_nowhere_64" into its bus
Info (12130): Elaborated megafunction instantiation "pll_0002:pll_inst|altera_pll:altera_pll_i" File: C:/Users/delta/Downloads/ADC_TEST3/pll/pll_0002.v Line: 85
Info (12133): Instantiated megafunction "pll_0002:pll_inst|altera_pll:altera_pll_i" with the following parameter: File: C:/Users/delta/Downloads/ADC_TEST3/pll/pll_0002.v Line: 85
    Info (12134): Parameter "fractional_vco_multiplier" = "false"
    Info (12134): Parameter "reference_clock_frequency" = "50.0 MHz"
    Info (12134): Parameter "operation_mode" = "direct"
    Info (12134): Parameter "number_of_clocks" = "1"
    Info (12134): Parameter "output_clock_frequency0" = "25.000000 MHz"
    Info (12134): Parameter "phase_shift0" = "0 ps"
    Info (12134): Parameter "duty_cycle0" = "50"
    Info (12134): Parameter "output_clock_frequency1" = "0 MHz"
    Info (12134): Parameter "phase_shift1" = "0 ps"
    Info (12134): Parameter "duty_cycle1" = "50"
    Info (12134): Parameter "output_clock_frequency2" = "0 MHz"
    Info (12134): Parameter "phase_shift2" = "0 ps"
    Info (12134): Parameter "duty_cycle2" = "50"
    Info (12134): Parameter "output_clock_frequency3" = "0 MHz"
    Info (12134): Parameter "phase_shift3" = "0 ps"
    Info (12134): Parameter "duty_cycle3" = "50"
    Info (12134): Parameter "output_clock_frequency4" = "0 MHz"
    Info (12134): Parameter "phase_shift4" = "0 ps"
    Info (12134): Parameter "duty_cycle4" = "50"
    Info (12134): Parameter "output_clock_frequency5" = "0 MHz"
    Info (12134): Parameter "phase_shift5" = "0 ps"
    Info (12134): Parameter "duty_cycle5" = "50"
    Info (12134): Parameter "output_clock_frequency6" = "0 MHz"
    Info (12134): Parameter "phase_shift6" = "0 ps"
    Info (12134): Parameter "duty_cycle6" = "50"
    Info (12134): Parameter "output_clock_frequency7" = "0 MHz"
    Info (12134): Parameter "phase_shift7" = "0 ps"
    Info (12134): Parameter "duty_cycle7" = "50"
    Info (12134): Parameter "output_clock_frequency8" = "0 MHz"
    Info (12134): Parameter "phase_shift8" = "0 ps"
    Info (12134): Parameter "duty_cycle8" = "50"
    Info (12134): Parameter "output_clock_frequency9" = "0 MHz"
    Info (12134): Parameter "phase_shift9" = "0 ps"
    Info (12134): Parameter "duty_cycle9" = "50"
    Info (12134): Parameter "output_clock_frequency10" = "0 MHz"
    Info (12134): Parameter "phase_shift10" = "0 ps"
    Info (12134): Parameter "duty_cycle10" = "50"
    Info (12134): Parameter "output_clock_frequency11" = "0 MHz"
    Info (12134): Parameter "phase_shift11" = "0 ps"
    Info (12134): Parameter "duty_cycle11" = "50"
    Info (12134): Parameter "output_clock_frequency12" = "0 MHz"
    Info (12134): Parameter "phase_shift12" = "0 ps"
    Info (12134): Parameter "duty_cycle12" = "50"
    Info (12134): Parameter "output_clock_frequency13" = "0 MHz"
    Info (12134): Parameter "phase_shift13" = "0 ps"
    Info (12134): Parameter "duty_cycle13" = "50"
    Info (12134): Parameter "output_clock_frequency14" = "0 MHz"
    Info (12134): Parameter "phase_shift14" = "0 ps"
    Info (12134): Parameter "duty_cycle14" = "50"
    Info (12134): Parameter "output_clock_frequency15" = "0 MHz"
    Info (12134): Parameter "phase_shift15" = "0 ps"
    Info (12134): Parameter "duty_cycle15" = "50"
    Info (12134): Parameter "output_clock_frequency16" = "0 MHz"
    Info (12134): Parameter "phase_shift16" = "0 ps"
    Info (12134): Parameter "duty_cycle16" = "50"
    Info (12134): Parameter "output_clock_frequency17" = "0 MHz"
    Info (12134): Parameter "phase_shift17" = "0 ps"
    Info (12134): Parameter "duty_cycle17" = "50"
    Info (12134): Parameter "pll_type" = "General"
    Info (12134): Parameter "pll_subtype" = "General"
Info (12128): Elaborating entity "timer" for hierarchy "timer:timer_u" File: C:/Users/delta/Downloads/ADC_TEST3/top.v Line: 70
Info (12128): Elaborating entity "binary_to_BCD" for hierarchy "binary_to_BCD:binary_to_BCD_U" File: C:/Users/delta/Downloads/ADC_TEST3/top.v Line: 81
Info (12128): Elaborating entity "BCD_2x7" for hierarchy "BCD_2x7:BCD_to_7seg_ones" File: C:/Users/delta/Downloads/ADC_TEST3/top.v Line: 87
Info (12128): Elaborating entity "adc" for hierarchy "adc:u0" File: C:/Users/delta/Downloads/ADC_TEST3/top.v Line: 124
Info (12128): Elaborating entity "adc_adc_mega_0" for hierarchy "adc:u0|adc_adc_mega_0:adc_mega_0" File: C:/Users/delta/Downloads/ADC_TEST3/adc/synthesis/adc.v Line: 47
Info (12128): Elaborating entity "altera_up_avalon_adv_adc" for hierarchy "adc:u0|adc_adc_mega_0:adc_mega_0|altera_up_avalon_adv_adc:ADC_CTRL" File: C:/Users/delta/Downloads/ADC_TEST3/adc/synthesis/submodules/adc_adc_mega_0.v Line: 60
Info (12128): Elaborating entity "debouncer" for hierarchy "debouncer:hold_debouncer" File: C:/Users/delta/Downloads/ADC_TEST3/top.v Line: 130
Warning (10230): Verilog HDL assignment warning at debouncer.v(38): truncated value with size 3 to match size of target (2) File: C:/Users/delta/Downloads/ADC_TEST3/debouncer.v Line: 38
Warning (10230): Verilog HDL assignment warning at debouncer.v(44): truncated value with size 3 to match size of target (2) File: C:/Users/delta/Downloads/ADC_TEST3/debouncer.v Line: 44
Info (12128): Elaborating entity "adder_acumulator" for hierarchy "adder_acumulator:AAC_u" File: C:/Users/delta/Downloads/ADC_TEST3/top.v Line: 147
Warning (12241): 1 hierarchies have connectivity warnings - see the Connectivity Checks report folder
Info (286030): Timing-Driven Synthesis is running
Info (17049): 9 registers lost all their fanouts during netlist optimizations.
Warning (20013): Ignored 16 assignments for entity "pll" -- entity does not exist in design
    Warning (20014): Assignment for entity set_global_assignment -name IP_TOOL_NAME altera_pll -entity pll -sip pll.sip -library lib_pll was ignored
    Warning (20014): Assignment for entity set_global_assignment -name IP_TOOL_VERSION 20.1 -entity pll -sip pll.sip -library lib_pll was ignored
    Warning (20014): Assignment for entity set_global_assignment -name IP_TOOL_ENV mwpim -entity pll -sip pll.sip -library lib_pll was ignored
Info (16010): Generating hard_block partition "hard_block:auto_generated_inst"
    Info (16011): Adding 3 node(s), including 0 DDIO, 1 PLL, 0 transceiver and 0 LCELL
Warning: RST port on the PLL is not properly connected on instance pll_0002:pll_inst|altera_pll:altera_pll_i|general[0].gpll. The reset port on the PLL should be connected. If the PLL loses lock for any reason, you might need to manually reset the PLL in order to re-establish lock to the reference clock. File: c:/intelfpga_lite/18.1/quartus/libraries/megafunctions/altera_pll.v Line: 748
    Info: Must be connected
Info (21057): Implemented 403 device resources after synthesis - the final resource count might be different
    Info (21058): Implemented 4 input pins
    Info (21059): Implemented 33 output pins
    Info (21061): Implemented 365 logic cells
    Info (21065): Implemented 1 PLLs
Info: Quartus Prime Analysis & Synthesis was successful. 0 errors, 8 warnings
    Info: Peak virtual memory: 4835 megabytes
    Info: Processing ended: Tue Aug 09 20:19:21 2022
    Info: Elapsed time: 00:00:14
    Info: Total CPU time (on all processors): 00:00:27


